<?xml version="1.0" encoding="UTF-8"?>
<testng-results ignored="0" total="1" passed="1" failed="0" skipped="0">
  <reporter-output>
  </reporter-output>
  <suite started-at="2022-10-15T00:42:44 EDT" name="Default suite" finished-at="2022-10-15T00:43:37 EDT" duration-ms="52833">
    <groups>
    </groups>
    <test started-at="2022-10-15T00:42:44 EDT" name="Default test" finished-at="2022-10-15T00:43:37 EDT" duration-ms="52833">
      <class name="variousConcepts.LearnTestNG">
        <test-method is-config="true" signature="readConfig()[pri:0, instance:variousConcepts.LearnTestNG@2df9b86]" started-at="2022-10-15T00:42:44 EDT" name="readConfig" finished-at="2022-10-15T00:42:44 EDT" duration-ms="13" status="PASS">
          <reporter-output>
          </reporter-output>
        </test-method> <!-- readConfig -->
        <test-method is-config="true" signature="init()[pri:0, instance:variousConcepts.LearnTestNG@2df9b86]" started-at="2022-10-15T00:42:44 EDT" name="init" finished-at="2022-10-15T00:43:14 EDT" duration-ms="29153" status="PASS">
          <reporter-output>
          </reporter-output>
        </test-method> <!-- init -->
        <test-method signature="addCustomer()[pri:0, instance:variousConcepts.LearnTestNG@2df9b86]" started-at="2022-10-15T00:43:14 EDT" name="addCustomer" finished-at="2022-10-15T00:43:36 EDT" duration-ms="22749" status="PASS">
          <reporter-output>
          </reporter-output>
        </test-method> <!-- addCustomer -->
        <test-method is-config="true" signature="tearDown()[pri:0, instance:variousConcepts.LearnTestNG@2df9b86]" started-at="2022-10-15T00:43:36 EDT" name="tearDown" finished-at="2022-10-15T00:43:37 EDT" duration-ms="826" status="PASS">
          <reporter-output>
          </reporter-output>
        </test-method> <!-- tearDown -->
      </class> <!-- variousConcepts.LearnTestNG -->
    </test> <!-- Default test -->
  </suite> <!-- Default suite -->
</testng-results>
